<component name="libraryTable">
  <library name="junit4_lib">
    <CLASSES>
      <root url="file://$PROJECT_DIR$/../lib/junit4_lib" />
    </CLASSES>
    <JAVADOC />
    <SOURCES />
    <jarDirectory url="file://$PROJECT_DIR$/../lib/junit4_lib" recursive="false" />
  </library>
</component>